# JRE version: OpenJDK Runtime Environment (8.0_152-b06) (build 1.8.0_152-release-1136-b06)
# Java VM: OpenJDK 64-Bit Server VM (25.152-b06 mixed mode windows-amd64 compressed oops)
Heap:
 PSYoungGen      total 134656K, used 107978K [0x00000000eab00000, 0x00000000f4500000, 0x0000000100000000)
  eden space 125952K, 79% used [0x00000000eab00000,0x00000000f0c6c748,0x00000000f2600000)
  from space 8704K, 94% used [0x00000000f2a80000,0x00000000f3286130,0x00000000f3300000)
  to   space 15872K, 0% used [0x00000000f3580000,0x00000000f3580000,0x00000000f4500000)
 ParOldGen       total 94720K, used 36334K [0x00000000c0000000, 0x00000000c5c80000, 0x00000000eab00000)
  object space 94720K, 38% used [0x00000000c0000000,0x00000000c237b828,0x00000000c5c80000)
 Metaspace       used 79015K, capacity 83452K, committed 83608K, reserved 1122304K
  class space    used 10354K, capacity 11308K, committed 11432K, reserved 1048576K
GC Heap History (10 events):
Event: 1122.407 GC heap before
{Heap before GC invocations=24 (full 3):
 PSYoungGen      total 131072K, used 130704K [0x00000000eab00000, 0x00000000f4c00000, 0x0000000100000000)
  eden space 126464K, 100% used [0x00000000eab00000,0x00000000f2680000,0x00000000f2680000)
  from space 4608K, 92% used [0x00000000f4780000,0x00000000f4ba4020,0x00000000f4c00000)
  to   space 14848K, 0% used [0x00000000f2f00000,0x00000000f2f00000,0x00000000f3d80000)
 ParOldGen       total 94720K, used 33398K [0x00000000c0000000, 0x00000000c5c80000, 0x00000000eab00000)
  object space 94720K, 35% used [0x00000000c0000000,0x00000000c209daf8,0x00000000c5c80000)
 Metaspace       used 62018K, capacity 64850K, committed 65176K, reserved 1105920K
  class space    used 8084K, capacity 8749K, committed 8872K, reserved 1048576K
Event: 1122.502 GC heap after
Heap after GC invocations=24 (full 3):
 PSYoungGen      total 126976K, used 4448K [0x00000000eab00000, 0x00000000f4800000, 0x0000000100000000)
  eden space 122368K, 0% used [0x00000000eab00000,0x00000000eab00000,0x00000000f2280000)
  from space 4608K, 96% used [0x00000000f2f00000,0x00000000f3358030,0x00000000f3380000)
  to   space 14336K, 0% used [0x00000000f3a00000,0x00000000f3a00000,0x00000000f4800000)
 ParOldGen       total 94720K, used 33406K [0x00000000c0000000, 0x00000000c5c80000, 0x00000000eab00000)
  object space 94720K, 35% used [0x00000000c0000000,0x00000000c209faf8,0x00000000c5c80000)
 Metaspace       used 62018K, capacity 64850K, committed 65176K, reserved 1105920K
  class space    used 8084K, capacity 8749K, committed 8872K, reserved 1048576K
}
Event: 1430.209 GC heap before
{Heap before GC invocations=25 (full 3):
 PSYoungGen      total 126976K, used 126816K [0x00000000eab00000, 0x00000000f4800000, 0x0000000100000000)
  eden space 122368K, 100% used [0x00000000eab00000,0x00000000f2280000,0x00000000f2280000)
  from space 4608K, 96% used [0x00000000f2f00000,0x00000000f3358030,0x00000000f3380000)
  to   space 14336K, 0% used [0x00000000f3a00000,0x00000000f3a00000,0x00000000f4800000)
 ParOldGen       total 94720K, used 33406K [0x00000000c0000000, 0x00000000c5c80000, 0x00000000eab00000)
  object space 94720K, 35% used [0x00000000c0000000,0x00000000c209faf8,0x00000000c5c80000)
 Metaspace       used 62384K, capacity 65390K, committed 65688K, reserved 1105920K
  class space    used 8106K, capacity 8805K, committed 8872K, reserved 1048576K
Event: 1430.395 GC heap after
Heap after GC invocations=25 (full 3):
 PSYoungGen      total 122368K, used 4016K [0x00000000eab00000, 0x00000000f3e00000, 0x0000000100000000)
  eden space 118272K, 0% used [0x00000000eab00000,0x00000000eab00000,0x00000000f1e80000)
  from space 4096K, 98% used [0x00000000f3a00000,0x00000000f3dec040,0x00000000f3e00000)
  to   space 13824K, 0% used [0x00000000f2300000,0x00000000f2300000,0x00000000f3080000)
 ParOldGen       total 94720K, used 33414K [0x00000000c0000000, 0x00000000c5c80000, 0x00000000eab00000)
  object space 94720K, 35% used [0x00000000c0000000,0x00000000c20a1af8,0x00000000c5c80000)
 Metaspace       used 62384K, capacity 65390K, committed 65688K, reserved 1105920K
  class space    used 8106K, capacity 8805K, committed 8872K, reserved 1048576K
}
Event: 1435.467 GC heap before
{Heap before GC invocations=26 (full 3):
 PSYoungGen      total 122368K, used 122288K [0x00000000eab00000, 0x00000000f3e00000, 0x0000000100000000)
  eden space 118272K, 100% used [0x00000000eab00000,0x00000000f1e80000,0x00000000f1e80000)
  from space 4096K, 98% used [0x00000000f3a00000,0x00000000f3dec040,0x00000000f3e00000)
  to   space 13824K, 0% used [0x00000000f2300000,0x00000000f2300000,0x00000000f3080000)
 ParOldGen       total 94720K, used 33414K [0x00000000c0000000, 0x00000000c5c80000, 0x00000000eab00000)
  object space 94720K, 35% used [0x00000000c0000000,0x00000000c20a1af8,0x00000000c5c80000)
 Metaspace       used 62657K, capacity 65600K, committed 65688K, reserved 1105920K
  class space    used 8136K, capacity 8828K, committed 8872K, reserved 1048576K
Event: 1435.629 GC heap after
Heap after GC invocations=26 (full 3):
 PSYoungGen      total 136704K, used 6704K [0x00000000eab00000, 0x00000000f4780000, 0x0000000100000000)
  eden space 122880K, 0% used [0x00000000eab00000,0x00000000eab00000,0x00000000f2300000)
  from space 13824K, 48% used [0x00000000f2300000,0x00000000f298c020,0x00000000f3080000)
  to   space 13312K, 0% used [0x00000000f3a80000,0x00000000f3a80000,0x00000000f4780000)
 ParOldGen       total 94720K, used 33422K [0x00000000c0000000, 0x00000000c5c80000, 0x00000000eab00000)
  object space 94720K, 35% used [0x00000000c0000000,0x00000000c20a3af8,0x00000000c5c80000)
 Metaspace       used 62657K, capacity 65600K, committed 65688K, reserved 1105920K
  class space    used 8136K, capacity 8828K, committed 8872K, reserved 1048576K
}
Event: 1571.698 GC heap before
{Heap before GC invocations=27 (full 3):
 PSYoungGen      total 136704K, used 129584K [0x00000000eab00000, 0x00000000f4780000, 0x0000000100000000)
  eden space 122880K, 100% used [0x00000000eab00000,0x00000000f2300000,0x00000000f2300000)
  from space 13824K, 48% used [0x00000000f2300000,0x00000000f298c020,0x00000000f3080000)
  to   space 13312K, 0% used [0x00000000f3a80000,0x00000000f3a80000,0x00000000f4780000)
 ParOldGen       total 94720K, used 33422K [0x00000000c0000000, 0x00000000c5c80000, 0x00000000eab00000)
  object space 94720K, 35% used [0x00000000c0000000,0x00000000c20a3af8,0x00000000c5c80000)
 Metaspace       used 78717K, capacity 82938K, committed 83224K, reserved 1122304K
  class space    used 10332K, capacity 11247K, committed 11304K, reserved 1048576K
Event: 1571.912 GC heap after
Heap after GC invocations=27 (full 3):
 PSYoungGen      total 143872K, used 13311K [0x00000000eab00000, 0x00000000f5000000, 0x0000000100000000)
  eden space 130560K, 0% used [0x00000000eab00000,0x00000000eab00000,0x00000000f2a80000)
  from space 13312K, 99% used [0x00000000f3a80000,0x00000000f477fc10,0x00000000f4780000)
  to   space 16384K, 0% used [0x00000000f2a80000,0x00000000f2a80000,0x00000000f3a80000)
 ParOldGen       total 94720K, used 35949K [0x00000000c0000000, 0x00000000c5c80000, 0x00000000eab00000)
  object space 94720K, 37% used [0x00000000c0000000,0x00000000c231b7f8,0x00000000c5c80000)
 Metaspace       used 78717K, capacity 82938K, committed 83224K, reserved 1122304K
  class space    used 10332K, capacity 11247K, committed 11304K, reserved 1048576K
}
Event: 1624.731 GC heap before
{Heap before GC invocations=28 (full 3):
 PSYoungGen      total 143872K, used 143871K [0x00000000eab00000, 0x00000000f5000000, 0x0000000100000000)
  eden space 130560K, 100% used [0x00000000eab00000,0x00000000f2a80000,0x00000000f2a80000)
  from space 13312K, 99% used [0x00000000f3a80000,0x00000000f477fc10,0x00000000f4780000)
  to   space 16384K, 0% used [0x00000000f2a80000,0x00000000f2a80000,0x00000000f3a80000)
 ParOldGen       total 94720K, used 35949K [0x00000000c0000000, 0x00000000c5c80000, 0x00000000eab00000)
  object space 94720K, 37% used [0x00000000c0000000,0x00000000c231b7f8,0x00000000c5c80000)
 Metaspace       used 78859K, capacity 83142K, committed 83224K, reserved 1122304K
  class space    used 10332K, capacity 11247K, committed 11304K, reserved 1048576K
Event: 1624.906 GC heap after
Heap after GC invocations=28 (full 3):
 PSYoungGen      total 134656K, used 8216K [0x00000000eab00000, 0x00000000f4500000, 0x0000000100000000)
  eden space 125952K, 0% used [0x00000000eab00000,0x00000000eab00000,0x00000000f2600000)
  from space 8704K, 94% used [0x00000000f2a80000,0x00000000f3286130,0x00000000f3300000)
  to   space 15872K, 0% used [0x00000000f3580000,0x00000000f3580000,0x00000000f4500000)
 ParOldGen       total 94720K, used 36334K [0x00000000c0000000, 0x00000000c5c80000, 0x00000000eab00000)
  object space 94720K, 38% used [0x00000000c0000000,0x00000000c237b828,0x00000000c5c80000)
 Metaspace       used 78859K, capacity 83142K, committed 83224K, reserved 1122304K
  class space    used 10332K, capacity 11247K, committed 11304K, reserved 1048576K
}

